<?xml version="1.0" encoding="UTF-8"?>
<!-- Generated by org.testng.reporters.JUnitXMLReporter -->
<testsuite ignored="0" hostname="DESKTOP-9CC3CAT" failures="0" tests="4" name="Default test" time="8.064" errors="0" timestamp="2023-03-01T02:40:55 PST">
  <testcase classname="api.test.UserTests" name="testPostUser" time="4.268"/>
  <testcase classname="api.test.UserTests" name="testGetUserByName" time="0.884"/>
  <testcase classname="api.test.UserTests" name="testUpdateUserByName" time="1.671"/>
  <testcase classname="api.test.UserTests" name="testDeleteUserByName" time="0.859"/>
</testsuite> <!-- Default test -->
