<?xml version="1.0" encoding="UTF-8"?>
<testng-results ignored="0" total="4" passed="4" failed="0" skipped="0">
  <reporter-output>
  </reporter-output>
  <suite started-at="2023-03-07T02:58:10 PST" name="PetSuite" finished-at="2023-03-07T02:58:18 PST" duration-ms="8152">
    <groups>
    </groups>
    <test started-at="2023-03-07T02:58:10 PST" name="PetTests" finished-at="2023-03-07T02:58:18 PST" duration-ms="8152">
      <class name="api.test.UserTests2">
        <test-method is-config="true" signature="setup()[pri:0, instance:api.test.UserTests2@4d5650ae]" started-at="2023-03-07T02:58:11 PST" name="setup" finished-at="2023-03-07T02:58:12 PST" duration-ms="1038" status="PASS">
          <reporter-output>
          </reporter-output>
        </test-method> <!-- setup -->
        <test-method signature="testPostUser()[pri:1, instance:api.test.UserTests2@4d5650ae]" started-at="2023-03-07T02:58:12 PST" name="testPostUser" finished-at="2023-03-07T02:58:15 PST" duration-ms="3293" status="PASS">
          <reporter-output>
          </reporter-output>
        </test-method> <!-- testPostUser -->
        <test-method signature="testGetUserByName()[pri:2, instance:api.test.UserTests2@4d5650ae]" started-at="2023-03-07T02:58:15 PST" name="testGetUserByName" finished-at="2023-03-07T02:58:16 PST" duration-ms="910" status="PASS">
          <reporter-output>
          </reporter-output>
        </test-method> <!-- testGetUserByName -->
        <test-method signature="testUpdateUserByName()[pri:3, instance:api.test.UserTests2@4d5650ae]" started-at="2023-03-07T02:58:16 PST" name="testUpdateUserByName" finished-at="2023-03-07T02:58:18 PST" duration-ms="1723" status="PASS">
          <reporter-output>
          </reporter-output>
        </test-method> <!-- testUpdateUserByName -->
        <test-method signature="testDeleteUserByName()[pri:4, instance:api.test.UserTests2@4d5650ae]" started-at="2023-03-07T02:58:18 PST" name="testDeleteUserByName" finished-at="2023-03-07T02:58:18 PST" duration-ms="817" status="PASS">
          <reporter-output>
          </reporter-output>
        </test-method> <!-- testDeleteUserByName -->
      </class> <!-- api.test.UserTests2 -->
    </test> <!-- PetTests -->
  </suite> <!-- PetSuite -->
</testng-results>
