<?xml version="1.0" encoding="UTF-8"?>
<testng-results ignored="0" total="4" passed="4" failed="0" skipped="0">
  <reporter-output>
  </reporter-output>
  <suite started-at="2023-03-02T05:35:25 PST" name="PetSuite" finished-at="2023-03-02T05:35:34 PST" duration-ms="8596">
    <groups>
    </groups>
    <test started-at="2023-03-02T05:35:25 PST" name="PetTest" finished-at="2023-03-02T05:35:34 PST" duration-ms="8596">
      <class name="api.test.UserTests2">
        <test-method is-config="true" signature="setupData()[pri:0, instance:api.test.UserTests2@54e1c68b]" started-at="2023-03-02T05:35:26 PST" name="setupData" finished-at="2023-03-02T05:35:27 PST" duration-ms="1130" status="PASS">
          <reporter-output>
          </reporter-output>
        </test-method> <!-- setupData -->
        <test-method signature="testPostUser()[pri:1, instance:api.test.UserTests2@54e1c68b]" started-at="2023-03-02T05:35:27 PST" name="testPostUser" finished-at="2023-03-02T05:35:31 PST" duration-ms="3775" status="PASS">
          <reporter-output>
          </reporter-output>
        </test-method> <!-- testPostUser -->
        <test-method signature="testGetUserByName()[pri:2, instance:api.test.UserTests2@54e1c68b]" started-at="2023-03-02T05:35:31 PST" name="testGetUserByName" finished-at="2023-03-02T05:35:32 PST" duration-ms="830" status="PASS">
          <reporter-output>
          </reporter-output>
        </test-method> <!-- testGetUserByName -->
        <test-method signature="testUpdateUserByName()[pri:3, instance:api.test.UserTests2@54e1c68b]" started-at="2023-03-02T05:35:32 PST" name="testUpdateUserByName" finished-at="2023-03-02T05:35:33 PST" duration-ms="1549" status="PASS">
          <reporter-output>
          </reporter-output>
        </test-method> <!-- testUpdateUserByName -->
        <test-method signature="testDeleteUserByName()[pri:4, instance:api.test.UserTests2@54e1c68b]" started-at="2023-03-02T05:35:33 PST" name="testDeleteUserByName" finished-at="2023-03-02T05:35:34 PST" duration-ms="817" status="PASS">
          <reporter-output>
          </reporter-output>
        </test-method> <!-- testDeleteUserByName -->
      </class> <!-- api.test.UserTests2 -->
    </test> <!-- PetTest -->
  </suite> <!-- PetSuite -->
</testng-results>
