<?xml version="1.0" encoding="UTF-8"?>
<!-- Generated by org.testng.reporters.JUnitXMLReporter -->
<testsuite ignored="0" hostname="DESKTOP-9CC3CAT" failures="0" tests="4" name="PetTests" time="8.152" errors="0" timestamp="2023-03-07T02:58:19 PST">
  <testcase classname="api.test.UserTests2" name="testPostUser" time="3.293"/>
  <testcase classname="api.test.UserTests2" name="testGetUserByName" time="0.91"/>
  <testcase classname="api.test.UserTests2" name="testUpdateUserByName" time="1.723"/>
  <testcase classname="api.test.UserTests2" name="testDeleteUserByName" time="0.817"/>
</testsuite> <!-- PetTests -->
