<?xml version="1.0" encoding="UTF-8"?>
<!-- Generated by org.testng.reporters.JUnitXMLReporter -->
<testsuite ignored="0" hostname="DESKTOP-9CC3CAT" failures="0" tests="4" name="PetTest" time="8.596" errors="0" timestamp="2023-03-02T05:35:34 PST">
  <testcase classname="api.test.UserTests2" name="testPostUser" time="3.775"/>
  <testcase classname="api.test.UserTests2" name="testGetUserByName" time="0.83"/>
  <testcase classname="api.test.UserTests2" name="testUpdateUserByName" time="1.549"/>
  <testcase classname="api.test.UserTests2" name="testDeleteUserByName" time="0.817"/>
</testsuite> <!-- PetTest -->
